<?xml version="1.0" encoding="UTF-8"?>
<testng-results ignored="0" total="14" passed="14" failed="0" skipped="0">
  <reporter-output>
  </reporter-output>
  <suite started-at="2024-04-16T18:14:19Z" name="Default suite" finished-at="2024-04-16T18:14:33Z" duration-ms="13265">
    <groups>
    </groups>
    <test started-at="2024-04-16T18:14:19Z" name="Default test" finished-at="2024-04-16T18:14:33Z" duration-ms="13265">
      <class name="org.test.TestScript">
        <test-method signature="urlLaunch()[pri:1, instance:org.test.TestScript@5c44c582]" started-at="2024-04-16T18:14:19Z" name="urlLaunch" finished-at="2024-04-16T18:14:25Z" duration-ms="5776" status="PASS">
          <reporter-output>
          </reporter-output>
        </test-method> <!-- urlLaunch -->
        <test-method signature="logIn()[pri:2, instance:org.test.TestScript@5c44c582]" started-at="2024-04-16T18:14:25Z" name="logIn" finished-at="2024-04-16T18:14:26Z" duration-ms="696" status="PASS">
          <reporter-output>
          </reporter-output>
        </test-method> <!-- logIn -->
        <test-method signature="userValidation()[pri:3, instance:org.test.TestScript@5c44c582]" started-at="2024-04-16T18:14:26Z" name="userValidation" finished-at="2024-04-16T18:14:26Z" duration-ms="75" status="PASS">
          <reporter-output>
          </reporter-output>
        </test-method> <!-- userValidation -->
        <test-method signature="addToCart()[pri:4, instance:org.test.TestScript@5c44c582]" started-at="2024-04-16T18:14:26Z" name="addToCart" finished-at="2024-04-16T18:14:27Z" duration-ms="671" status="PASS">
          <reporter-output>
          </reporter-output>
        </test-method> <!-- addToCart -->
        <test-method signature="cartValidation()[pri:5, instance:org.test.TestScript@5c44c582]" started-at="2024-04-16T18:14:27Z" name="cartValidation" finished-at="2024-04-16T18:14:27Z" duration-ms="286" status="PASS">
          <reporter-output>
          </reporter-output>
        </test-method> <!-- cartValidation -->
        <test-method signature="removeItem()[pri:6, instance:org.test.TestScript@5c44c582]" started-at="2024-04-16T18:14:27Z" name="removeItem" finished-at="2024-04-16T18:14:27Z" duration-ms="373" status="PASS">
          <reporter-output>
          </reporter-output>
        </test-method> <!-- removeItem -->
        <test-method signature="cartProductValidating()[pri:7, instance:org.test.TestScript@5c44c582]" started-at="2024-04-16T18:14:27Z" name="cartProductValidating" finished-at="2024-04-16T18:14:27Z" duration-ms="29" status="PASS">
          <reporter-output>
          </reporter-output>
        </test-method> <!-- cartProductValidating -->
        <test-method signature="clickcheckOutBtn()[pri:8, instance:org.test.TestScript@5c44c582]" started-at="2024-04-16T18:14:27Z" name="clickcheckOutBtn" finished-at="2024-04-16T18:14:27Z" duration-ms="109" status="PASS">
          <reporter-output>
          </reporter-output>
        </test-method> <!-- clickcheckOutBtn -->
        <test-method signature="checkOutPageValidating()[pri:9, instance:org.test.TestScript@5c44c582]" started-at="2024-04-16T18:14:27Z" name="checkOutPageValidating" finished-at="2024-04-16T18:14:27Z" duration-ms="32" status="PASS">
          <reporter-output>
          </reporter-output>
        </test-method> <!-- checkOutPageValidating -->
        <test-method signature="fillInCheckOutDetails()[pri:10, instance:org.test.TestScript@5c44c582]" started-at="2024-04-16T18:14:27Z" name="fillInCheckOutDetails" finished-at="2024-04-16T18:14:28Z" duration-ms="617" status="PASS">
          <reporter-output>
          </reporter-output>
        </test-method> <!-- fillInCheckOutDetails -->
        <test-method signature="checkOutOverview()[pri:11, instance:org.test.TestScript@5c44c582]" started-at="2024-04-16T18:14:28Z" name="checkOutOverview" finished-at="2024-04-16T18:14:28Z" duration-ms="150" status="PASS">
          <reporter-output>
          </reporter-output>
        </test-method> <!-- checkOutOverview -->
        <test-method signature="orderConfirmation()[pri:12, instance:org.test.TestScript@5c44c582]" started-at="2024-04-16T18:14:28Z" name="orderConfirmation" finished-at="2024-04-16T18:14:28Z" duration-ms="99" status="PASS">
          <reporter-output>
          </reporter-output>
        </test-method> <!-- orderConfirmation -->
        <test-method signature="backHome()[pri:13, instance:org.test.TestScript@5c44c582]" started-at="2024-04-16T18:14:28Z" name="backHome" finished-at="2024-04-16T18:14:33Z" duration-ms="4246" status="PASS">
          <reporter-output>
          </reporter-output>
        </test-method> <!-- backHome -->
        <test-method signature="validateUserLoggedOut()[pri:14, instance:org.test.TestScript@5c44c582]" started-at="2024-04-16T18:14:33Z" name="validateUserLoggedOut" finished-at="2024-04-16T18:14:33Z" duration-ms="41" status="PASS">
          <reporter-output>
          </reporter-output>
        </test-method> <!-- validateUserLoggedOut -->
      </class> <!-- org.test.TestScript -->
    </test> <!-- Default test -->
  </suite> <!-- Default suite -->
</testng-results>
